01-Mar-2025 10:11:10.552 SEVERE [http-nio-8080-exec-9] org.apache.catalina.core.StandardWrapperValve.invoke "Servlet.service()" pour la servlet [PatientServlet] a généré une exception
	java.lang.NullPointerException: Cannot invoke "java.sql.Connection.prepareStatement(String)" because the return value of "DAO.DatabaseConnection.getConnection()" is null
		at DAO.PatientDAO.addPatient(PatientDAO.java:67)
		at Servlet.PatientServlet.doPost(PatientServlet.java:36)
		at javax.servlet.http.HttpServlet.service(HttpServlet.java:555)
		at javax.servlet.http.HttpServlet.service(HttpServlet.java:623)
		at org.apache.catalina.core.ApplicationFilterChain.internalDoFilter(ApplicationFilterChain.java:199)
		at org.apache.catalina.core.ApplicationFilterChain.doFilter(ApplicationFilterChain.java:144)
		at org.apache.tomcat.websocket.server.WsFilter.doFilter(WsFilter.java:51)
		at org.apache.catalina.core.ApplicationFilterChain.internalDoFilter(ApplicationFilterChain.java:168)
		at org.apache.catalina.core.ApplicationFilterChain.doFilter(ApplicationFilterChain.java:144)
		at org.apache.catalina.core.StandardWrapperValve.invoke(StandardWrapperValve.java:168)
		at org.apache.catalina.core.StandardContextValve.invoke(StandardContextValve.java:90)
		at org.apache.catalina.authenticator.AuthenticatorBase.invoke(AuthenticatorBase.java:482)
		at org.apache.catalina.core.StandardHostValve.invoke(StandardHostValve.java:130)
		at org.apache.catalina.valves.ErrorReportValve.invoke(ErrorReportValve.java:93)
		at org.apache.catalina.valves.AbstractAccessLogValve.invoke(AbstractAccessLogValve.java:660)
		at org.apache.catalina.core.StandardEngineValve.invoke(StandardEngineValve.java:74)
		at org.apache.catalina.connector.CoyoteAdapter.service(CoyoteAdapter.java:346)
		at org.apache.coyote.http11.Http11Processor.service(Http11Processor.java:396)
		at org.apache.coyote.AbstractProcessorLight.process(AbstractProcessorLight.java:63)
		at org.apache.coyote.AbstractProtocol$ConnectionHandler.process(AbstractProtocol.java:937)
		at org.apache.tomcat.util.net.NioEndpoint$SocketProcessor.doRun(NioEndpoint.java:1793)
		at org.apache.tomcat.util.net.SocketProcessorBase.run(SocketProcessorBase.java:52)
		at org.apache.tomcat.util.threads.ThreadPoolExecutor.runWorker(ThreadPoolExecutor.java:1190)
		at org.apache.tomcat.util.threads.ThreadPoolExecutor$Worker.run(ThreadPoolExecutor.java:659)
		at org.apache.tomcat.util.threads.TaskThread$WrappingRunnable.run(TaskThread.java:63)
		at java.base/java.lang.Thread.run(Thread.java:1575)
01-Mar-2025 10:26:15.303 SEVERE [http-nio-8080-exec-4] org.apache.catalina.core.StandardWrapperValve.invoke Servlet.service() du Servlet [jsp] dans le contexte au chemin [/Systemmedicau] a retourné une exception [Impossible de compiler la classe pour la JSP: 

Une erreur s'est produite à la ligne : [16] dans le fichier Java généré : [C:\Users\enaa-\Desktop\Systeme-Medicaux\work\Catalina\localhost\Systemmedicau\org\apache\jsp\Patient_jsp.java]
Only a type can be imported. Model.RendezVousModel resolves to a package

Une erreur s'est produite à la ligne : [128] dans le fichier jsp : [/Patient.jsp]
RendezVousModel cannot be resolved to a type
125:                         </thead>
126:                         <tbody>
127:                             <%
128:                                 List<RendezVousModel> rendezVousList = (List<RendezVousModel>) request.getAttribute("rendezVousList");
129:                                 if (rendezVousList != null && !rendezVousList.isEmpty()) {
130:                                     for (RendezVousModel rdv : rendezVousList) {
131:                             %>


Une erreur s'est produite à la ligne : [128] dans le fichier jsp : [/Patient.jsp]
RendezVousModel cannot be resolved to a type
125:                         </thead>
126:                         <tbody>
127:                             <%
128:                                 List<RendezVousModel> rendezVousList = (List<RendezVousModel>) request.getAttribute("rendezVousList");
129:                                 if (rendezVousList != null && !rendezVousList.isEmpty()) {
130:                                     for (RendezVousModel rdv : rendezVousList) {
131:                             %>


Une erreur s'est produite à la ligne : [130] dans le fichier jsp : [/Patient.jsp]
RendezVousModel cannot be resolved to a type
127:                             <%
128:                                 List<RendezVousModel> rendezVousList = (List<RendezVousModel>) request.getAttribute("rendezVousList");
129:                                 if (rendezVousList != null && !rendezVousList.isEmpty()) {
130:                                     for (RendezVousModel rdv : rendezVousList) {
131:                             %>
132:                             <tr>
133:                                 <td><%= rdv.getDate() %></td>


Stacktrace:] avec la cause
	org.apache.jasper.JasperException: Impossible de compiler la classe pour la JSP: 

Une erreur s'est produite à la ligne : [16] dans le fichier Java généré : [C:\Users\enaa-\Desktop\Systeme-Medicaux\work\Catalina\localhost\Systemmedicau\org\apache\jsp\Patient_jsp.java]
Only a type can be imported. Model.RendezVousModel resolves to a package

Une erreur s'est produite à la ligne : [128] dans le fichier jsp : [/Patient.jsp]
RendezVousModel cannot be resolved to a type
125:                         </thead>
126:                         <tbody>
127:                             <%
128:                                 List<RendezVousModel> rendezVousList = (List<RendezVousModel>) request.getAttribute("rendezVousList");
129:                                 if (rendezVousList != null && !rendezVousList.isEmpty()) {
130:                                     for (RendezVousModel rdv : rendezVousList) {
131:                             %>


Une erreur s'est produite à la ligne : [128] dans le fichier jsp : [/Patient.jsp]
RendezVousModel cannot be resolved to a type
125:                         </thead>
126:                         <tbody>
127:                             <%
128:                                 List<RendezVousModel> rendezVousList = (List<RendezVousModel>) request.getAttribute("rendezVousList");
129:                                 if (rendezVousList != null && !rendezVousList.isEmpty()) {
130:                                     for (RendezVousModel rdv : rendezVousList) {
131:                             %>


Une erreur s'est produite à la ligne : [130] dans le fichier jsp : [/Patient.jsp]
RendezVousModel cannot be resolved to a type
127:                             <%
128:                                 List<RendezVousModel> rendezVousList = (List<RendezVousModel>) request.getAttribute("rendezVousList");
129:                                 if (rendezVousList != null && !rendezVousList.isEmpty()) {
130:                                     for (RendezVousModel rdv : rendezVousList) {
131:                             %>
132:                             <tr>
133:                                 <td><%= rdv.getDate() %></td>


Stacktrace:
		at org.apache.jasper.compiler.DefaultErrorHandler.javacError(DefaultErrorHandler.java:72)
		at org.apache.jasper.compiler.ErrorDispatcher.javacError(ErrorDispatcher.java:192)
		at org.apache.jasper.compiler.JDTCompiler.generateClass(JDTCompiler.java:542)
		at org.apache.jasper.compiler.Compiler.compile(Compiler.java:371)
		at org.apache.jasper.compiler.Compiler.compile(Compiler.java:343)
		at org.apache.jasper.compiler.Compiler.compile(Compiler.java:329)
		at org.apache.jasper.JspCompilationContext.compile(JspCompilationContext.java:603)
		at org.apache.jasper.servlet.JspServletWrapper.service(JspServletWrapper.java:399)
		at org.apache.jasper.servlet.JspServlet.serviceJspFile(JspServlet.java:376)
		at org.apache.jasper.servlet.JspServlet.service(JspServlet.java:324)
		at javax.servlet.http.HttpServlet.service(HttpServlet.java:623)
		at org.apache.catalina.core.ApplicationFilterChain.internalDoFilter(ApplicationFilterChain.java:199)
		at org.apache.catalina.core.ApplicationFilterChain.doFilter(ApplicationFilterChain.java:144)
		at org.apache.tomcat.websocket.server.WsFilter.doFilter(WsFilter.java:51)
		at org.apache.catalina.core.ApplicationFilterChain.internalDoFilter(ApplicationFilterChain.java:168)
		at org.apache.catalina.core.ApplicationFilterChain.doFilter(ApplicationFilterChain.java:144)
		at org.apache.catalina.core.StandardWrapperValve.invoke(StandardWrapperValve.java:168)
		at org.apache.catalina.core.StandardContextValve.invoke(StandardContextValve.java:90)
		at org.apache.catalina.authenticator.AuthenticatorBase.invoke(AuthenticatorBase.java:482)
		at org.apache.catalina.core.StandardHostValve.invoke(StandardHostValve.java:130)
		at org.apache.catalina.valves.ErrorReportValve.invoke(ErrorReportValve.java:93)
		at org.apache.catalina.valves.AbstractAccessLogValve.invoke(AbstractAccessLogValve.java:660)
		at org.apache.catalina.core.StandardEngineValve.invoke(StandardEngineValve.java:74)
		at org.apache.catalina.connector.CoyoteAdapter.service(CoyoteAdapter.java:346)
		at org.apache.coyote.http11.Http11Processor.service(Http11Processor.java:396)
		at org.apache.coyote.AbstractProcessorLight.process(AbstractProcessorLight.java:63)
		at org.apache.coyote.AbstractProtocol$ConnectionHandler.process(AbstractProtocol.java:937)
		at org.apache.tomcat.util.net.NioEndpoint$SocketProcessor.doRun(NioEndpoint.java:1793)
		at org.apache.tomcat.util.net.SocketProcessorBase.run(SocketProcessorBase.java:52)
		at org.apache.tomcat.util.threads.ThreadPoolExecutor.runWorker(ThreadPoolExecutor.java:1190)
		at org.apache.tomcat.util.threads.ThreadPoolExecutor$Worker.run(ThreadPoolExecutor.java:659)
		at org.apache.tomcat.util.threads.TaskThread$WrappingRunnable.run(TaskThread.java:63)
		at java.base/java.lang.Thread.run(Thread.java:1575)
